<?xml version="1.0" encoding="UTF-8"?>
<!-- Generated by org.testng.reporters.JUnitXMLReporter -->
<testsuite hostname="INW-169" ignored="2" name="Test" tests="8" failures="0" timestamp="10 Apr 2019 12:34:45 GMT" time="1032.993" errors="0">
  <testcase name="ContactUsSelect1" time="121.764" classname="HomePage.Header"/>
  <testcase name="ContactUsSelect2" time="31.744" classname="HomePage.Header"/>
  <testcase name="ContactUsSelect3" time="77.371" classname="HomePage.Header"/>
  <testcase name="Globe" time="523.858" classname="HomePage.Header"/>
  <testcase name="InputSearch" time="50.261" classname="HomePage.Header"/>
  <testcase name="InputTypeAndErase" time="36.436" classname="HomePage.Header"/>
  <testcase name="LoginClick" time="45.93" classname="HomePage.Header"/>
  <testcase name="NavBarHover" time="145.498" classname="HomePage.Header"/>
  <testcase name="@BeforeSuite Setup" time="0.0" classname="HomePage.BaseTest">
    <ignored/>
  </testcase> <!-- @BeforeSuite Setup -->
  <testcase name="@AfterSuite tearDown" time="0.0" classname="HomePage.BaseTest">
    <ignored/>
  </testcase> <!-- @AfterSuite tearDown -->
</testsuite> <!-- Test -->
