<?xml version="1.0" encoding="UTF-8"?>
<testng-results skipped="0" failed="0" ignored="2" total="10" passed="8">
  <reporter-output>
  </reporter-output>
  <suite name="Suite" duration-ms="1032993" started-at="2019-04-10T12:17:32Z" finished-at="2019-04-10T12:34:45Z">
    <groups>
    </groups>
    <test name="Test" duration-ms="1032993" started-at="2019-04-10T12:17:32Z" finished-at="2019-04-10T12:34:45Z">
      <class name="HomePage.BaseTest">
        <test-method status="PASS" signature="Setup()[pri:0, instance:HomePage.BaseTest@7d9d1a19]" name="Setup" is-config="true" duration-ms="365" started-at="2019-04-10T12:17:32Z" finished-at="2019-04-10T12:17:32Z">
          <reporter-output>
          </reporter-output>
        </test-method> <!-- Setup -->
        <test-method status="PASS" signature="tearDown()[pri:0, instance:HomePage.BaseTest@7d9d1a19]" name="tearDown" is-config="true" duration-ms="1453" started-at="2019-04-10T12:34:45Z" finished-at="2019-04-10T12:34:47Z">
          <reporter-output>
          </reporter-output>
        </test-method> <!-- tearDown -->
      </class> <!-- HomePage.BaseTest -->
      <class name="HomePage.Header">
        <test-method status="PASS" signature="ContactUsSelect1()[pri:0, instance:HomePage.Header@39c0f4a]" name="ContactUsSelect1" duration-ms="121764" started-at="2019-04-10T12:17:32Z" finished-at="2019-04-10T12:19:34Z">
          <reporter-output>
          </reporter-output>
        </test-method> <!-- ContactUsSelect1 -->
        <test-method status="PASS" signature="getResult(org.testng.ITestResult)[pri:0, instance:HomePage.Header@39c0f4a]" name="getResult" is-config="true" duration-ms="24" started-at="2019-04-10T12:19:34Z" finished-at="2019-04-10T12:19:34Z">
          <params>
            <param index="0">
              <value>
                <![CDATA[[TestResult name=ContactUsSelect1 status=SUCCESS method=Header.ContactUsSelect1()[pri:0, instance:HomePage.Header@39c0f4a] output={null}]]]>
              </value>
            </param>
          </params>
          <reporter-output>
          </reporter-output>
        </test-method> <!-- getResult -->
        <test-method status="PASS" signature="ContactUsSelect2()[pri:0, instance:HomePage.Header@39c0f4a]" name="ContactUsSelect2" duration-ms="31744" started-at="2019-04-10T12:19:34Z" finished-at="2019-04-10T12:20:06Z">
          <reporter-output>
          </reporter-output>
        </test-method> <!-- ContactUsSelect2 -->
        <test-method status="PASS" signature="getResult(org.testng.ITestResult)[pri:0, instance:HomePage.Header@39c0f4a]" name="getResult" is-config="true" duration-ms="2" started-at="2019-04-10T12:20:06Z" finished-at="2019-04-10T12:20:06Z">
          <params>
            <param index="0">
              <value>
                <![CDATA[[TestResult name=ContactUsSelect2 status=SUCCESS method=Header.ContactUsSelect2()[pri:0, instance:HomePage.Header@39c0f4a] output={null}]]]>
              </value>
            </param>
          </params>
          <reporter-output>
          </reporter-output>
        </test-method> <!-- getResult -->
        <test-method status="PASS" signature="ContactUsSelect3()[pri:0, instance:HomePage.Header@39c0f4a]" name="ContactUsSelect3" duration-ms="77371" started-at="2019-04-10T12:20:06Z" finished-at="2019-04-10T12:21:23Z">
          <reporter-output>
          </reporter-output>
        </test-method> <!-- ContactUsSelect3 -->
        <test-method status="PASS" signature="getResult(org.testng.ITestResult)[pri:0, instance:HomePage.Header@39c0f4a]" name="getResult" is-config="true" duration-ms="2" started-at="2019-04-10T12:21:23Z" finished-at="2019-04-10T12:21:23Z">
          <params>
            <param index="0">
              <value>
                <![CDATA[[TestResult name=ContactUsSelect3 status=SUCCESS method=Header.ContactUsSelect3()[pri:0, instance:HomePage.Header@39c0f4a] output={null}]]]>
              </value>
            </param>
          </params>
          <reporter-output>
          </reporter-output>
        </test-method> <!-- getResult -->
        <test-method status="PASS" signature="Globe()[pri:0, instance:HomePage.Header@39c0f4a]" name="Globe" duration-ms="523858" started-at="2019-04-10T12:21:23Z" finished-at="2019-04-10T12:30:07Z">
          <reporter-output>
          </reporter-output>
        </test-method> <!-- Globe -->
        <test-method status="PASS" signature="getResult(org.testng.ITestResult)[pri:0, instance:HomePage.Header@39c0f4a]" name="getResult" is-config="true" duration-ms="2" started-at="2019-04-10T12:30:07Z" finished-at="2019-04-10T12:30:07Z">
          <params>
            <param index="0">
              <value>
                <![CDATA[[TestResult name=Globe status=SUCCESS method=Header.Globe()[pri:0, instance:HomePage.Header@39c0f4a] output={null}]]]>
              </value>
            </param>
          </params>
          <reporter-output>
          </reporter-output>
        </test-method> <!-- getResult -->
        <test-method status="PASS" signature="InputSearch()[pri:0, instance:HomePage.Header@39c0f4a]" name="InputSearch" duration-ms="50261" started-at="2019-04-10T12:30:07Z" finished-at="2019-04-10T12:30:57Z">
          <reporter-output>
          </reporter-output>
        </test-method> <!-- InputSearch -->
        <test-method status="PASS" signature="getResult(org.testng.ITestResult)[pri:0, instance:HomePage.Header@39c0f4a]" name="getResult" is-config="true" duration-ms="1" started-at="2019-04-10T12:30:57Z" finished-at="2019-04-10T12:30:57Z">
          <params>
            <param index="0">
              <value>
                <![CDATA[[TestResult name=InputSearch status=SUCCESS method=Header.InputSearch()[pri:0, instance:HomePage.Header@39c0f4a] output={null}]]]>
              </value>
            </param>
          </params>
          <reporter-output>
          </reporter-output>
        </test-method> <!-- getResult -->
        <test-method status="PASS" signature="InputTypeAndErase()[pri:0, instance:HomePage.Header@39c0f4a]" name="InputTypeAndErase" duration-ms="36436" started-at="2019-04-10T12:30:57Z" finished-at="2019-04-10T12:31:34Z">
          <reporter-output>
          </reporter-output>
        </test-method> <!-- InputTypeAndErase -->
        <test-method status="PASS" signature="getResult(org.testng.ITestResult)[pri:0, instance:HomePage.Header@39c0f4a]" name="getResult" is-config="true" duration-ms="1" started-at="2019-04-10T12:31:34Z" finished-at="2019-04-10T12:31:34Z">
          <params>
            <param index="0">
              <value>
                <![CDATA[[TestResult name=InputTypeAndErase status=SUCCESS method=Header.InputTypeAndErase()[pri:0, instance:HomePage.Header@39c0f4a] output={null}]]]>
              </value>
            </param>
          </params>
          <reporter-output>
          </reporter-output>
        </test-method> <!-- getResult -->
        <test-method status="PASS" signature="LoginClick()[pri:0, instance:HomePage.Header@39c0f4a]" name="LoginClick" duration-ms="45930" started-at="2019-04-10T12:31:34Z" finished-at="2019-04-10T12:32:20Z">
          <reporter-output>
          </reporter-output>
        </test-method> <!-- LoginClick -->
        <test-method status="PASS" signature="getResult(org.testng.ITestResult)[pri:0, instance:HomePage.Header@39c0f4a]" name="getResult" is-config="true" duration-ms="1" started-at="2019-04-10T12:32:20Z" finished-at="2019-04-10T12:32:20Z">
          <params>
            <param index="0">
              <value>
                <![CDATA[[TestResult name=LoginClick status=SUCCESS method=Header.LoginClick()[pri:0, instance:HomePage.Header@39c0f4a] output={null}]]]>
              </value>
            </param>
          </params>
          <reporter-output>
          </reporter-output>
        </test-method> <!-- getResult -->
        <test-method status="PASS" signature="NavBarHover()[pri:0, instance:HomePage.Header@39c0f4a]" name="NavBarHover" duration-ms="145498" started-at="2019-04-10T12:32:20Z" finished-at="2019-04-10T12:34:45Z">
          <reporter-output>
          </reporter-output>
        </test-method> <!-- NavBarHover -->
        <test-method status="PASS" signature="getResult(org.testng.ITestResult)[pri:0, instance:HomePage.Header@39c0f4a]" name="getResult" is-config="true" duration-ms="4" started-at="2019-04-10T12:34:45Z" finished-at="2019-04-10T12:34:45Z">
          <params>
            <param index="0">
              <value>
                <![CDATA[[TestResult name=NavBarHover status=SUCCESS method=Header.NavBarHover()[pri:0, instance:HomePage.Header@39c0f4a] output={null}]]]>
              </value>
            </param>
          </params>
          <reporter-output>
          </reporter-output>
        </test-method> <!-- getResult -->
      </class> <!-- HomePage.Header -->
    </test> <!-- Test -->
  </suite> <!-- Suite -->
</testng-results>
